<?xml version="1.0" encoding="UTF-8"?>
<testsuite xmlns:xsi="http://www.w3.org/2001/XMLSchema-instance" xsi:noNamespaceSchemaLocation="https://maven.apache.org/surefire/maven-surefire-plugin/xsd/surefire-test-report-3.0.xsd" version="3.0" name="TestSuite" time="41.585" tests="2" errors="0" skipped="0" failures="0">
  <properties>
[...]
</properties>
  <testcase name="launchBrowser" classname="FirstTest.LaunchBrowser" time="20.636">
    <system-out><![CDATA[[TestNGContentHandler] [WARN] It is strongly recommended to add "<!DOCTYPE suite SYSTEM "https://testng.org/testng-1.0.dtd" >" at the top of your file, otherwise TestNG may fail or not work as expected.
Google
]]></system-out>
    <system-err><![CDATA[SLF4J: Failed to load class "org.slf4j.impl.StaticLoggerBinder".
SLF4J: Defaulting to no-operation (NOP) logger implementation
SLF4J: See http://www.slf4j.org/codes.html#StaticLoggerBinder for further details.
1689391380359	geckodriver	INFO	Listening on 127.0.0.1:42442
1689391381514	mozrunner::runner	INFO	Running command: "C:\\Program Files\\Mozilla Firefox\\firefox.exe" "--marionette" "--remote-debugging-port" "45819" "--remote ... localhost:45819/,http://[::1]:45819/" "-no-remote" "-profile" "C:\\Users\\ADMIN\\AppData\\Local\\Temp\\rust_mozprofilec8Ia82"
console.warn: services.settings: Ignoring preference override of remote settings server
console.warn: services.settings: Allow by setting MOZ_REMOTE_SETTINGS_DEVTOOLS=1 in the environment
1689391382009	Marionette	INFO	Marionette enabled
Dynamically enable window occlusion 0
1689391382205	Marionette	INFO	Listening on port 52059
WebDriver BiDi listening on ws://127.0.0.1:45819
Read port: 52059
1689391382621	RemoteAgent	WARN	TLS certificate errors will be ignored for this session
DevTools listening on ws://127.0.0.1:45819/devtools/browser/22043794-5b4e-4f55-82f6-427d6acca254
console.warn: LoginRecipes: "Falling back to a synchronous message for: https://www.google.com."
1689391398697	RemoteAgent	INFO	Perform WebSocket upgrade for incoming connection from 127.0.0.1:52110
1689391398705	CDP	WARN	Invalid browser preferences for CDP. Set "fission.webContentIsolationStrategy"to 0 and "fission.bfcacheInParent" to false before Firefox starts.
1689391398784	Marionette	INFO	Stopped listening on port 52059
Dynamically enable window occlusion 1
]]></system-err>
  </testcase>
  <testcase name="spiceJetOneWaytrip" classname="FirstTest.Spicejet" time="19.791">
    <system-err><![CDATA[1689391400270	geckodriver	INFO	Listening on 127.0.0.1:21192
1689391400296	mozrunner::runner	INFO	Running command: "C:\\Program Files\\Mozilla Firefox\\firefox.exe" "--marionette" "--remote-debugging-port" "10981" "--remote ... localhost:10981/,http://[::1]:10981/" "-no-remote" "-profile" "C:\\Users\\ADMIN\\AppData\\Local\\Temp\\rust_mozprofilepW5K4b"
console.warn: services.settings: Ignoring preference override of remote settings server
console.warn: services.settings: Allow by setting MOZ_REMOTE_SETTINGS_DEVTOOLS=1 in the environment
1689391400897	Marionette	INFO	Marionette enabled
Dynamically enable window occlusion 0
1689391401095	Marionette	INFO	Listening on port 52128
WebDriver BiDi listening on ws://127.0.0.1:10981
Read port: 52128
1689391401532	RemoteAgent	WARN	TLS certificate errors will be ignored for this session
DevTools listening on ws://127.0.0.1:10981/devtools/browser/d7146030-573f-4542-8540-8c886cb4d5c9
JavaScript warning: https://assets.adobedtm.com/537dbdb6fad9/0ee804a032d6/launch-128555ff1d51.min.js, line 6: WEBGL_debug_renderer_info is deprecated in Firefox and will be removed. Please use RENDERER.
JavaScript error: https://assets.adobedtm.com/537dbdb6fad9/0ee804a032d6/launch-128555ff1d51.min.js, line 12: TypeError: r is null
1689391418696	RemoteAgent	INFO	Perform WebSocket upgrade for incoming connection from 127.0.0.1:52198
1689391418702	CDP	WARN	Invalid browser preferences for CDP. Set "fission.webContentIsolationStrategy"to 0 and "fission.bfcacheInParent" to false before Firefox starts.
1689391418707	Marionette	INFO	Stopped listening on port 52128
Dynamically enable window occlusion 1
]]></system-err>
  </testcase>
</testsuite>